

times in msec
 clock   self+sourced   self:  sourced script
 clock   elapsed:              other lines

000.007  000.007: --- NVIM STARTING ---
000.134  000.128: event init
000.193  000.059: early init
000.226  000.033: locale set
000.251  000.025: init first window
000.500  000.249: inits 1
000.511  000.012: window checked
000.547  000.036: parsing arguments
000.886  000.049  000.049: require('vim.shared')
001.009  000.057  000.057: require('vim._options')
001.026  000.138  000.081: require('vim._editor')
001.027  000.202  000.015: require('vim._init_packages')
001.028  000.279: init lua interpreter
001.116  000.088: expanding arguments
001.175  000.059: inits 2
001.457  000.282: init highlight
001.458  000.001: waiting for UI
001.678  000.220: done waiting for UI
001.685  000.007: clear screen
001.799  000.114: init default mappings & autocommands
001.849  000.049: --cmd commands
002.646  000.047  000.047: sourcing /nix/store/8lha6b5nfqjs6chngh67zjq2qp19r34b-neovim-unwrapped-0.9.5/share/nvim/runtime/ftplugin.vim
002.688  000.017  000.017: sourcing /nix/store/8lha6b5nfqjs6chngh67zjq2qp19r34b-neovim-unwrapped-0.9.5/share/nvim/runtime/indent.vim
002.694  000.781: sourcing vimrc file(s)
002.798  000.086  000.086: sourcing /nix/store/8lha6b5nfqjs6chngh67zjq2qp19r34b-neovim-unwrapped-0.9.5/share/nvim/runtime/filetype.lua
002.915  000.054  000.054: sourcing /nix/store/8lha6b5nfqjs6chngh67zjq2qp19r34b-neovim-unwrapped-0.9.5/share/nvim/runtime/syntax/synload.vim
002.987  000.157  000.103: sourcing /nix/store/8lha6b5nfqjs6chngh67zjq2qp19r34b-neovim-unwrapped-0.9.5/share/nvim/runtime/syntax/syntax.vim
003.758  000.094  000.094: sourcing /nix/store/8lha6b5nfqjs6chngh67zjq2qp19r34b-neovim-unwrapped-0.9.5/share/nvim/runtime/plugin/gzip.vim
003.783  000.008  000.008: sourcing /nix/store/8lha6b5nfqjs6chngh67zjq2qp19r34b-neovim-unwrapped-0.9.5/share/nvim/runtime/plugin/health.vim
004.281  000.108  000.108: sourcing /nix/store/8lha6b5nfqjs6chngh67zjq2qp19r34b-neovim-unwrapped-0.9.5/share/nvim/runtime/pack/dist/opt/matchit/plugin/matchit.vim
004.400  000.604  000.496: sourcing /nix/store/8lha6b5nfqjs6chngh67zjq2qp19r34b-neovim-unwrapped-0.9.5/share/nvim/runtime/plugin/matchit.vim
004.497  000.082  000.082: sourcing /nix/store/8lha6b5nfqjs6chngh67zjq2qp19r34b-neovim-unwrapped-0.9.5/share/nvim/runtime/plugin/matchparen.vim
004.789  000.276  000.276: sourcing /nix/store/8lha6b5nfqjs6chngh67zjq2qp19r34b-neovim-unwrapped-0.9.5/share/nvim/runtime/plugin/netrwPlugin.vim
004.843  000.029  000.029: sourcing /nix/store/8lha6b5nfqjs6chngh67zjq2qp19r34b-neovim-unwrapped-0.9.5/share/nvim/runtime/plugin/rplugin.vim
004.902  000.034  000.034: sourcing /nix/store/8lha6b5nfqjs6chngh67zjq2qp19r34b-neovim-unwrapped-0.9.5/share/nvim/runtime/plugin/shada.vim
004.940  000.014  000.014: sourcing /nix/store/8lha6b5nfqjs6chngh67zjq2qp19r34b-neovim-unwrapped-0.9.5/share/nvim/runtime/plugin/spellfile.vim
005.022  000.061  000.061: sourcing /nix/store/8lha6b5nfqjs6chngh67zjq2qp19r34b-neovim-unwrapped-0.9.5/share/nvim/runtime/plugin/tarPlugin.vim
005.095  000.048  000.048: sourcing /nix/store/8lha6b5nfqjs6chngh67zjq2qp19r34b-neovim-unwrapped-0.9.5/share/nvim/runtime/plugin/tohtml.vim
005.125  000.010  000.010: sourcing /nix/store/8lha6b5nfqjs6chngh67zjq2qp19r34b-neovim-unwrapped-0.9.5/share/nvim/runtime/plugin/tutor.vim
005.246  000.103  000.103: sourcing /nix/store/8lha6b5nfqjs6chngh67zjq2qp19r34b-neovim-unwrapped-0.9.5/share/nvim/runtime/plugin/zipPlugin.vim
005.746  000.033  000.033: sourcing /nix/store/8lha6b5nfqjs6chngh67zjq2qp19r34b-neovim-unwrapped-0.9.5/share/nvim/runtime/plugin/editorconfig.lua
005.808  000.044  000.044: sourcing /nix/store/8lha6b5nfqjs6chngh67zjq2qp19r34b-neovim-unwrapped-0.9.5/share/nvim/runtime/plugin/man.lua
005.859  000.030  000.030: sourcing /nix/store/8lha6b5nfqjs6chngh67zjq2qp19r34b-neovim-unwrapped-0.9.5/share/nvim/runtime/plugin/nvim.lua
005.873  001.467: loading rtp plugins
006.122  000.249: loading packages
006.765  000.643: loading after plugins
006.773  000.008: inits 3
006.774  000.001: reading ShaDa
008.901  000.917  000.917: require('vim.filetype')
010.348  000.811  000.811: require('vim.filetype.detect')
011.781  000.007  000.007: require('vim.F')
011.934  000.150  000.150: require('editorconfig')
011.961  000.024  000.024: require('vim.fs')
012.081  003.398: opening buffers
012.093  000.012: BufEnter autocommands
012.095  000.001: editing files in windows
012.167  000.072: VimEnter autocommands
012.168  000.002: UIEnter autocommands
012.169  000.001: before starting main loop
012.660  000.490: first screen update
012.661  000.001: --- NVIM STARTED ---


times in msec
 clock   self+sourced   self:  sourced script
 clock   elapsed:              other lines

000.006  000.006: --- NVIM STARTING ---
000.202  000.195: event init
000.276  000.074: early init
000.312  000.037: locale set
000.341  000.029: init first window
000.619  000.277: inits 1
000.627  000.008: window checked
000.674  000.047: parsing arguments
001.002  000.049  000.049: require('vim.shared')
001.080  000.028  000.028: require('vim._options')
001.081  000.077  000.049: require('vim._editor')
001.082  000.144  000.018: require('vim._init_packages')
001.083  000.265: init lua interpreter
001.617  000.534: expanding arguments
001.658  000.040: inits 2
001.841  000.184: init highlight


times in msec
 clock   self+sourced   self:  sourced script
 clock   elapsed:              other lines

000.006  000.006: --- NVIM STARTING ---
000.128  000.121: event init
000.182  000.055: early init
000.223  000.040: locale set
000.283  000.060: init first window
000.475  000.193: inits 1
000.487  000.012: window checked
000.520  000.034: parsing arguments
000.834  000.046  000.046: require('vim.shared')
000.954  000.028  000.028: require('vim._options')
000.955  000.119  000.091: require('vim._editor')
000.956  000.186  000.021: require('vim._init_packages')
000.957  000.251: init lua interpreter
001.033  000.076: expanding arguments
001.060  000.027: inits 2
001.232  000.172: init highlight
001.233  000.001: waiting for UI
001.524  000.292: done waiting for UI
001.531  000.007: clear screen
001.696  000.165: init default mappings & autocommands
001.756  000.060: --cmd commands
002.655  000.047  000.047: sourcing /nix/store/8lha6b5nfqjs6chngh67zjq2qp19r34b-neovim-unwrapped-0.9.5/share/nvim/runtime/ftplugin.vim
002.701  000.017  000.017: sourcing /nix/store/8lha6b5nfqjs6chngh67zjq2qp19r34b-neovim-unwrapped-0.9.5/share/nvim/runtime/indent.vim
003.140  000.027  000.027: require('vim.loader')
003.155  000.003  000.003: require('vim.keymap')
003.938  000.010  000.010: require('vim.fs')
004.018  000.815  000.804: require('lazy')
004.044  000.015  000.015: require('ffi')
004.165  000.116  000.116: require('lazy.stats')
004.329  000.146  000.146: require('lazy.core.util')
004.476  000.145  000.145: require('lazy.core.config')
004.603  000.042  000.042: require('lazy.core.handler')
004.677  000.072  000.072: require('lazy.core.plugin')
004.681  000.203  000.089: require('lazy.core.loader')
005.041  000.049  000.049: require('lazy.core.handler.event')
005.043  000.094  000.044: require('lazy.core.handler.ft')
005.134  000.089  000.089: require('lazy.core.handler.keys')
005.215  000.076  000.076: require('lazy.core.handler.cmd')
005.853  000.100  000.100: sourcing /nix/store/8lha6b5nfqjs6chngh67zjq2qp19r34b-neovim-unwrapped-0.9.5/share/nvim/runtime/filetype.lua
005.958  000.012  000.012: sourcing /nix/store/8lha6b5nfqjs6chngh67zjq2qp19r34b-neovim-unwrapped-0.9.5/share/nvim/runtime/ftplugin.vim
005.983  000.343  000.231: sourcing /home/ramak/.config/nvim/ftdetect/asy_filetype.vim
006.175  000.811  000.468: sourcing /nix/store/8lha6b5nfqjs6chngh67zjq2qp19r34b-neovim-unwrapped-0.9.5/share/nvim/runtime/filetype.lua
006.572  000.022  000.022: sourcing /home/ramak/.local/share/nvim/lazy/vimtex/plugin/vimtex.vim
006.653  000.013  000.013: sourcing /home/ramak/.local/share/nvim/lazy/vimtex/ftdetect/cls.vim
006.684  000.011  000.011: sourcing /home/ramak/.local/share/nvim/lazy/vimtex/ftdetect/tex.vim
006.716  000.012  000.012: sourcing /home/ramak/.local/share/nvim/lazy/vimtex/ftdetect/tikz.vim
006.873  000.012  000.012: sourcing /home/ramak/.local/share/nvim/lazy/tabby.nvim/plugin/tabby.vim
007.316  000.242  000.242: sourcing /home/ramak/.local/share/nvim/lazy/vim-surround/plugin/surround.vim
007.615  000.044  000.044: sourcing /home/ramak/.local/share/nvim/lazy/haskell-vim/ftdetect/haskell.vim
009.949  000.068  000.068: require('vim.treesitter.language')
009.956  000.150  000.083: require('vim.treesitter.query')
010.000  000.042  000.042: require('vim.treesitter._range')
010.004  000.319  000.126: require('vim.treesitter.languagetree')
010.009  000.857  000.539: require('vim.treesitter')
010.011  000.927  000.069: require('nvim-treesitter.compat')
010.959  000.782  000.782: require('nvim-treesitter.parsers')
011.059  000.098  000.098: require('nvim-treesitter.utils')
011.066  000.984  000.104: require('nvim-treesitter.ts_utils')
011.070  001.058  000.074: require('nvim-treesitter.tsrange')
011.122  000.051  000.051: require('nvim-treesitter.caching')
011.133  002.238  000.203: require('nvim-treesitter.query')
011.150  002.580  000.342: require('nvim-treesitter.configs')
011.152  003.220  000.640: require('nvim-treesitter-textobjects')
011.654  000.154  000.154: require('nvim-treesitter.info')
011.712  000.055  000.055: require('nvim-treesitter.shell_command_selectors')
011.742  000.406  000.197: require('nvim-treesitter.install')
011.834  000.090  000.090: require('nvim-treesitter.statusline')
011.923  000.087  000.087: require('nvim-treesitter.query_predicates')
011.926  000.773  000.190: require('nvim-treesitter')
012.065  000.093  000.093: require('nvim-treesitter.textobjects.shared')
012.069  000.140  000.047: require('nvim-treesitter.textobjects.select')
012.218  000.073  000.073: require('nvim-treesitter.textobjects.attach')
012.314  000.093  000.093: require('nvim-treesitter.textobjects.repeatable_move')
012.319  000.237  000.071: require('nvim-treesitter.textobjects.move')
012.466  000.055  000.055: require('nvim-treesitter.textobjects.swap')
012.637  000.133  000.133: require('nvim-treesitter.textobjects.lsp_interop')
012.648  004.725  000.167: sourcing /home/ramak/.local/share/nvim/lazy/nvim-treesitter-textobjects/plugin/nvim-treesitter-textobjects.vim
013.066  000.370  000.370: sourcing /home/ramak/.local/share/nvim/lazy/nvim-treesitter/plugin/nvim-treesitter.lua
013.476  000.037  000.037: sourcing /nix/store/8lha6b5nfqjs6chngh67zjq2qp19r34b-neovim-unwrapped-0.9.5/share/nvim/runtime/autoload/provider/pythonx.vim
013.667  000.100  000.100: sourcing /nix/store/8lha6b5nfqjs6chngh67zjq2qp19r34b-neovim-unwrapped-0.9.5/share/nvim/runtime/autoload/remote/host.vim
013.736  000.353  000.216: sourcing /nix/store/8lha6b5nfqjs6chngh67zjq2qp19r34b-neovim-unwrapped-0.9.5/share/nvim/runtime/autoload/provider/python3.vim
013.837  000.011  000.011: sourcing /nix/store/8lha6b5nfqjs6chngh67zjq2qp19r34b-neovim-unwrapped-0.9.5/share/nvim/runtime/autoload/provider.vim
073.955  060.800  060.436: sourcing /home/ramak/.local/share/nvim/lazy/toggle-bool/plugin/toggle_bool.vim
075.045  000.461  000.461: sourcing /home/ramak/.local/share/nvim/lazy/fzf.vim/plugin/fzf.vim
075.841  000.077  000.077: require('ibl.utils')
075.848  000.141  000.064: require('ibl.config')
075.951  000.050  000.050: require('ibl.indent')
075.957  000.108  000.058: require('ibl.hooks')
075.959  000.298  000.049: require('ibl.highlights')
075.998  000.038  000.038: require('ibl.autocmds')
076.057  000.058  000.058: require('ibl.inlay_hints')
076.108  000.049  000.049: require('ibl.virt_text')
076.322  000.147  000.147: require('ibl.scope_languages')
076.324  000.215  000.068: require('ibl.scope')
076.330  001.066  000.409: require('ibl')
077.153  000.207  000.207: require('vim.lsp.log')
077.489  000.333  000.333: require('vim.lsp.protocol')
077.880  000.231  000.231: require('vim.lsp._snippet')
077.987  000.104  000.104: require('vim.highlight')
078.003  000.011  000.011: require('vim.F')
078.045  000.554  000.208: require('vim.lsp.util')
078.081  001.443  000.349: require('vim.lsp.handlers')
078.353  000.271  000.271: require('vim.lsp.rpc')
078.395  000.039  000.039: require('vim.lsp.sync')
078.453  000.056  000.056: require('vim.lsp.semantic_tokens')
078.517  000.062  000.062: require('vim.lsp.buf')
078.559  000.040  000.040: require('vim.lsp.diagnostic')
078.602  000.041  000.041: require('vim.lsp.codelens')
078.651  002.305  000.353: require('vim.lsp')
079.140  000.057  000.057: sourcing /home/ramak/.local/share/nvim/lazy/vim-rhubarb/plugin/rhubarb.vim
079.466  000.047  000.047: sourcing /home/ramak/.local/share/nvim/lazy/vim-lastplace/plugin/vim-lastplace.vim
080.024  000.040  000.040: sourcing /home/ramak/.local/share/nvim/lazy/ultisnips/autoload/UltiSnips/map_keys.vim
080.068  000.335  000.295: sourcing /home/ramak/.local/share/nvim/lazy/ultisnips/plugin/UltiSnips.vim
080.125  000.012  000.012: sourcing /home/ramak/.local/share/nvim/lazy/ultisnips/ftdetect/snippets.vim
080.560  000.319  000.319: sourcing /home/ramak/.local/share/nvim/lazy/fzf/plugin/fzf.vim
081.274  000.031  000.031: require('Comment.config')
081.362  000.052  000.052: require('Comment.ft')
081.367  000.091  000.039: require('Comment.utils')
081.401  000.033  000.033: require('Comment.opfunc')
081.432  000.030  000.030: require('Comment.extra')
081.435  000.539  000.355: require('Comment.api')
081.552  000.690  000.151: sourcing /home/ramak/.local/share/nvim/lazy/Comment.nvim/plugin/Comment.lua
081.729  000.041  000.041: sourcing /nix/store/8lha6b5nfqjs6chngh67zjq2qp19r34b-neovim-unwrapped-0.9.5/share/nvim/runtime/plugin/editorconfig.lua
081.861  000.103  000.103: sourcing /nix/store/8lha6b5nfqjs6chngh67zjq2qp19r34b-neovim-unwrapped-0.9.5/share/nvim/runtime/plugin/gzip.vim
081.900  000.013  000.013: sourcing /nix/store/8lha6b5nfqjs6chngh67zjq2qp19r34b-neovim-unwrapped-0.9.5/share/nvim/runtime/plugin/health.vim
081.986  000.044  000.044: sourcing /nix/store/8lha6b5nfqjs6chngh67zjq2qp19r34b-neovim-unwrapped-0.9.5/share/nvim/runtime/plugin/man.lua
082.393  000.116  000.116: sourcing /nix/store/8lha6b5nfqjs6chngh67zjq2qp19r34b-neovim-unwrapped-0.9.5/share/nvim/runtime/pack/dist/opt/matchit/plugin/matchit.vim
082.464  000.452  000.336: sourcing /nix/store/8lha6b5nfqjs6chngh67zjq2qp19r34b-neovim-unwrapped-0.9.5/share/nvim/runtime/plugin/matchit.vim
082.579  000.090  000.090: sourcing /nix/store/8lha6b5nfqjs6chngh67zjq2qp19r34b-neovim-unwrapped-0.9.5/share/nvim/runtime/plugin/matchparen.vim
082.815  000.209  000.209: sourcing /nix/store/8lha6b5nfqjs6chngh67zjq2qp19r34b-neovim-unwrapped-0.9.5/share/nvim/runtime/plugin/netrwPlugin.vim
082.913  000.040  000.040: sourcing /nix/store/8lha6b5nfqjs6chngh67zjq2qp19r34b-neovim-unwrapped-0.9.5/share/nvim/runtime/plugin/nvim.lua
083.024  000.006  000.006: sourcing /nix/store/l6a9sgfzb93cr533sg3sdngpbz05l89n-neovim-0.9.5/rplugin.vim
083.090  000.138  000.131: sourcing /nix/store/8lha6b5nfqjs6chngh67zjq2qp19r34b-neovim-unwrapped-0.9.5/share/nvim/runtime/plugin/rplugin.vim
083.159  000.038  000.038: sourcing /nix/store/8lha6b5nfqjs6chngh67zjq2qp19r34b-neovim-unwrapped-0.9.5/share/nvim/runtime/plugin/shada.vim
083.205  000.015  000.015: sourcing /nix/store/8lha6b5nfqjs6chngh67zjq2qp19r34b-neovim-unwrapped-0.9.5/share/nvim/runtime/plugin/spellfile.vim
083.332  000.073  000.073: sourcing /nix/store/8lha6b5nfqjs6chngh67zjq2qp19r34b-neovim-unwrapped-0.9.5/share/nvim/runtime/plugin/tarPlugin.vim
083.418  000.051  000.051: sourcing /nix/store/8lha6b5nfqjs6chngh67zjq2qp19r34b-neovim-unwrapped-0.9.5/share/nvim/runtime/plugin/tohtml.vim
083.459  000.011  000.011: sourcing /nix/store/8lha6b5nfqjs6chngh67zjq2qp19r34b-neovim-unwrapped-0.9.5/share/nvim/runtime/plugin/tutor.vim
083.584  000.098  000.098: sourcing /nix/store/8lha6b5nfqjs6chngh67zjq2qp19r34b-neovim-unwrapped-0.9.5/share/nvim/runtime/plugin/zipPlugin.vim
083.726  000.049  000.049: sourcing /home/ramak/.local/share/nvim/lazy/ultisnips/after/plugin/UltiSnips_after.vim
083.823  000.046  000.046: sourcing /home/ramak/.local/share/nvim/lazy/indent-blankline.nvim/after/plugin/commands.lua
084.284  000.042  000.042: require('Comment')
084.641  000.034  000.034: require('gitsigns.async')
084.716  000.073  000.073: require('gitsigns.config')
084.749  000.031  000.031: require('gitsigns.debug.log')
084.752  000.274  000.136: require('gitsigns')
086.259  000.062  000.062: require('nvim-treesitter.locals')
086.265  000.122  000.060: require('nvim-treesitter.incremental_selection')
086.385  000.046  000.046: require('nvim-treesitter.highlight')
086.578  000.050  000.050: require('onedark')
088.500  000.043  000.043: require('onedark')
088.994  000.073  000.073: require('onedark.palette')
089.049  000.162  000.089: require('onedark.colors')
089.103  000.050  000.050: require('onedark.util')
089.244  000.497  000.285: require('onedark.highlights')
090.907  000.230  000.230: require('onedark.terminal')
090.915  002.724  001.954: sourcing /home/ramak/.local/share/nvim/lazy/onedark.nvim/colors/onedark.lua
091.493  000.416  000.416: require('nvim-subfiles')
091.766  000.047  000.047: require('tabby.module.api')
091.906  000.095  000.095: require('tabby.module.filename')
091.909  000.141  000.046: require('tabby.feature.buf_name')
091.914  000.254  000.066: require('tabby.feature.tab_name')
092.021  000.052  000.052: require('tabby.module.log')
092.074  000.051  000.051: require('tabby.module.highlight')
092.078  000.163  000.060: require('tabby.module.render')
092.175  000.056  000.056: require('tabby.feature.tabwins')
092.188  000.109  000.053: require('tabby.feature.lines')
092.193  000.630  000.104: require('tabby.tabline')
092.495  000.181  000.181: require('lualine_require')
092.813  000.609  000.429: require('lualine')
094.468  000.039  000.039: require('lualine.utils.mode')
098.480  095.665  015.121: sourcing /home/ramak/.config/nvim/init.lua
098.491  001.006: sourcing vimrc file(s)
098.714  000.067  000.067: sourcing /nix/store/8lha6b5nfqjs6chngh67zjq2qp19r34b-neovim-unwrapped-0.9.5/share/nvim/runtime/syntax/synload.vim
098.773  000.232  000.165: sourcing /nix/store/8lha6b5nfqjs6chngh67zjq2qp19r34b-neovim-unwrapped-0.9.5/share/nvim/runtime/syntax/syntax.vim
098.786  000.063: inits 3
101.341  002.554: reading ShaDa
110.575  000.841  000.841: require('vim.filetype')
111.497  000.203  000.203: require('vim.filetype.detect')
116.094  000.307  000.307: sourcing /home/ramak/.config/nvim/syntax/asy.vim
125.322  008.589  008.589: sourcing /nix/store/8lha6b5nfqjs6chngh67zjq2qp19r34b-neovim-unwrapped-0.9.5/share/nvim/runtime/autoload/provider/clipboard.vim
125.647  000.125  000.125: require('editorconfig')
125.897  014.493: opening buffers
126.926  001.029: BufEnter autocommands
126.930  000.004: editing files in windows
131.745  004.815: VimEnter autocommands
131.819  000.074: UIEnter autocommands
131.823  000.003: before starting main loop
137.815  005.992: first screen update
137.817  000.002: --- NVIM STARTED ---


times in msec
 clock   self+sourced   self:  sourced script
 clock   elapsed:              other lines

000.006  000.006: --- NVIM STARTING ---
000.175  000.169: event init
000.236  000.061: early init
000.273  000.037: locale set
000.302  000.029: init first window
000.513  000.211: inits 1
000.519  000.006: window checked
000.549  000.030: parsing arguments
000.915  000.064  000.064: require('vim.shared')
001.018  000.028  000.028: require('vim._options')
001.020  000.102  000.074: require('vim._editor')
001.021  000.197  000.030: require('vim._init_packages')
001.022  000.276: init lua interpreter
001.548  000.526: expanding arguments
001.586  000.038: inits 2
001.769  000.183: init highlight


times in msec
 clock   self+sourced   self:  sourced script
 clock   elapsed:              other lines

000.025  000.025: --- NVIM STARTING ---
000.164  000.139: event init
000.248  000.084: early init
000.328  000.080: locale set
000.367  000.039: init first window
000.592  000.224: inits 1
000.604  000.012: window checked
000.642  000.039: parsing arguments
000.949  000.052  000.052: require('vim.shared')
001.034  000.032  000.032: require('vim._options')
001.035  000.084  000.052: require('vim._editor')
001.036  000.151  000.016: require('vim._init_packages')
001.037  000.244: init lua interpreter
001.156  000.119: expanding arguments
001.183  000.027: inits 2
001.353  000.170: init highlight
001.354  000.001: waiting for UI
001.510  000.156: done waiting for UI
001.517  000.007: clear screen
001.628  000.111: init default mappings & autocommands
001.679  000.051: --cmd commands
002.493  000.034  000.034: sourcing /nix/store/8lha6b5nfqjs6chngh67zjq2qp19r34b-neovim-unwrapped-0.9.5/share/nvim/runtime/ftplugin.vim
002.558  000.034  000.034: sourcing /nix/store/8lha6b5nfqjs6chngh67zjq2qp19r34b-neovim-unwrapped-0.9.5/share/nvim/runtime/indent.vim
003.059  000.006  000.006: require('vim.keymap')
003.997  000.847  000.847: require('lazy')
004.022  000.014  000.014: require('ffi')
004.059  000.035  000.035: require('vim.loader')
004.137  000.032  000.032: require('vim.fs')
004.317  000.241  000.210: require('lazy.stats')
004.428  000.093  000.093: require('lazy.core.util')
004.487  000.057  000.057: require('lazy.core.config')
004.619  000.051  000.051: require('lazy.core.handler')
004.687  000.066  000.066: require('lazy.core.plugin')
004.692  000.204  000.087: require('lazy.core.loader')
005.256  000.062  000.062: require('lazy.core.handler.keys')
005.306  000.047  000.047: require('lazy.core.handler.event')
005.352  000.043  000.043: require('lazy.core.handler.cmd')
005.447  000.093  000.093: require('lazy.core.handler.ft')
005.804  000.040  000.040: sourcing /nix/store/8lha6b5nfqjs6chngh67zjq2qp19r34b-neovim-unwrapped-0.9.5/share/nvim/runtime/filetype.lua
005.858  000.008  000.008: sourcing /nix/store/8lha6b5nfqjs6chngh67zjq2qp19r34b-neovim-unwrapped-0.9.5/share/nvim/runtime/ftplugin.vim
005.871  000.147  000.099: sourcing /home/ramak/.config/nvim/ftdetect/asy_filetype.vim
005.960  000.416  000.268: sourcing /nix/store/8lha6b5nfqjs6chngh67zjq2qp19r34b-neovim-unwrapped-0.9.5/share/nvim/runtime/filetype.lua
006.419  000.191  000.191: sourcing /home/ramak/.local/share/nvim/lazy/vim-surround/plugin/surround.vim
006.790  000.038  000.038: sourcing /home/ramak/.local/share/nvim/lazy/ultisnips/autoload/UltiSnips/map_keys.vim
006.830  000.245  000.208: sourcing /home/ramak/.local/share/nvim/lazy/ultisnips/plugin/UltiSnips.vim
006.884  000.011  000.011: sourcing /home/ramak/.local/share/nvim/lazy/ultisnips/ftdetect/snippets.vim
007.703  000.080  000.080: require('Comment.config')
007.935  000.120  000.120: require('Comment.ft')
007.940  000.235  000.114: require('Comment.utils')
008.178  000.237  000.237: require('Comment.opfunc')
008.249  000.069  000.069: require('Comment.extra')
008.254  001.220  000.600: require('Comment.api')
008.425  001.454  000.234: sourcing /home/ramak/.local/share/nvim/lazy/Comment.nvim/plugin/Comment.lua
009.825  000.047  000.047: require('vim.treesitter.language')
009.833  000.117  000.070: require('vim.treesitter.query')
009.941  000.107  000.107: require('vim.treesitter._range')
009.947  000.329  000.105: require('vim.treesitter.languagetree')
009.952  000.448  000.119: require('vim.treesitter')
009.966  000.529  000.081: require('nvim-treesitter.compat')
011.029  000.806  000.806: require('nvim-treesitter.parsers')
011.161  000.130  000.130: require('nvim-treesitter.utils')
011.166  001.106  000.171: require('nvim-treesitter.ts_utils')
011.169  001.202  000.096: require('nvim-treesitter.tsrange')
011.209  000.038  000.038: require('nvim-treesitter.caching')
011.215  001.831  000.062: require('nvim-treesitter.query')
011.223  001.918  000.087: require('nvim-treesitter.configs')
011.224  002.385  000.466: require('nvim-treesitter-textobjects')
011.397  000.038  000.038: require('nvim-treesitter.info')
011.443  000.044  000.044: require('nvim-treesitter.shell_command_selectors')
011.456  000.151  000.069: require('nvim-treesitter.install')
011.512  000.055  000.055: require('nvim-treesitter.statusline')
011.581  000.067  000.067: require('nvim-treesitter.query_predicates')
011.583  000.342  000.069: require('nvim-treesitter')
011.767  000.067  000.067: require('nvim-treesitter.textobjects.shared')
011.770  000.183  000.116: require('nvim-treesitter.textobjects.select')
011.906  000.052  000.052: require('nvim-treesitter.textobjects.attach')
011.975  000.067  000.067: require('nvim-treesitter.textobjects.repeatable_move')
011.980  000.197  000.077: require('nvim-treesitter.textobjects.move')
012.162  000.086  000.086: require('nvim-treesitter.textobjects.swap')
012.248  000.046  000.046: require('nvim-treesitter.textobjects.lsp_interop')
012.259  003.427  000.189: sourcing /home/ramak/.local/share/nvim/lazy/nvim-treesitter-textobjects/plugin/nvim-treesitter-textobjects.vim
012.615  000.303  000.303: sourcing /home/ramak/.local/share/nvim/lazy/nvim-treesitter/plugin/nvim-treesitter.lua
013.222  000.109  000.109: require('ibl.utils')
013.230  000.200  000.091: require('ibl.config')
013.336  000.053  000.053: require('ibl.indent')
013.342  000.111  000.058: require('ibl.hooks')
013.345  000.365  000.055: require('ibl.highlights')
013.392  000.046  000.046: require('ibl.autocmds')
013.439  000.045  000.045: require('ibl.inlay_hints')
013.485  000.045  000.045: require('ibl.virt_text')
013.712  000.187  000.187: require('ibl.scope_languages')
013.715  000.229  000.041: require('ibl.scope')
013.721  001.049  000.319: require('ibl')
014.344  000.300  000.300: require('vim.lsp.log')
014.818  000.471  000.471: require('vim.lsp.protocol')
014.992  000.065  000.065: require('vim.lsp._snippet')
015.030  000.036  000.036: require('vim.highlight')
015.035  000.003  000.003: require('vim.F')
015.043  000.223  000.118: require('vim.lsp.util')
015.054  001.133  000.138: require('vim.lsp.handlers')
015.169  000.114  000.114: require('vim.lsp.rpc')
015.206  000.036  000.036: require('vim.lsp.sync')
015.263  000.055  000.055: require('vim.lsp.semantic_tokens')
015.347  000.082  000.082: require('vim.lsp.buf')
015.393  000.043  000.043: require('vim.lsp.diagnostic')
015.436  000.042  000.042: require('vim.lsp.codelens')
015.478  001.724  000.219: require('vim.lsp')
016.061  000.048  000.048: sourcing /home/ramak/.local/share/nvim/lazy/vim-lastplace/plugin/vim-lastplace.vim
016.332  000.012  000.012: sourcing /home/ramak/.local/share/nvim/lazy/tabby.nvim/plugin/tabby.vim
016.891  000.053  000.053: sourcing /nix/store/8lha6b5nfqjs6chngh67zjq2qp19r34b-neovim-unwrapped-0.9.5/share/nvim/runtime/autoload/provider/pythonx.vim
017.128  000.133  000.133: sourcing /nix/store/8lha6b5nfqjs6chngh67zjq2qp19r34b-neovim-unwrapped-0.9.5/share/nvim/runtime/autoload/remote/host.vim
017.207  000.439  000.253: sourcing /nix/store/8lha6b5nfqjs6chngh67zjq2qp19r34b-neovim-unwrapped-0.9.5/share/nvim/runtime/autoload/provider/python3.vim
017.322  000.011  000.011: sourcing /nix/store/8lha6b5nfqjs6chngh67zjq2qp19r34b-neovim-unwrapped-0.9.5/share/nvim/runtime/autoload/provider.vim
080.109  063.557  063.107: sourcing /home/ramak/.local/share/nvim/lazy/toggle-bool/plugin/toggle_bool.vim
080.719  000.338  000.338: sourcing /home/ramak/.local/share/nvim/lazy/fzf/plugin/fzf.vim
081.902  000.468  000.468: sourcing /home/ramak/.local/share/nvim/lazy/fzf.vim/plugin/fzf.vim
082.227  000.023  000.023: sourcing /home/ramak/.local/share/nvim/lazy/vimtex/plugin/vimtex.vim
082.291  000.016  000.016: sourcing /home/ramak/.local/share/nvim/lazy/vimtex/ftdetect/cls.vim
082.327  000.011  000.011: sourcing /home/ramak/.local/share/nvim/lazy/vimtex/ftdetect/tex.vim
082.365  000.012  000.012: sourcing /home/ramak/.local/share/nvim/lazy/vimtex/ftdetect/tikz.vim
082.699  000.013  000.013: sourcing /home/ramak/.local/share/nvim/lazy/haskell-vim/ftdetect/haskell.vim
083.013  000.057  000.057: sourcing /home/ramak/.local/share/nvim/lazy/vim-rhubarb/plugin/rhubarb.vim
083.187  000.064  000.064: sourcing /nix/store/8lha6b5nfqjs6chngh67zjq2qp19r34b-neovim-unwrapped-0.9.5/share/nvim/runtime/plugin/editorconfig.lua
083.331  000.118  000.118: sourcing /nix/store/8lha6b5nfqjs6chngh67zjq2qp19r34b-neovim-unwrapped-0.9.5/share/nvim/runtime/plugin/gzip.vim
083.367  000.009  000.009: sourcing /nix/store/8lha6b5nfqjs6chngh67zjq2qp19r34b-neovim-unwrapped-0.9.5/share/nvim/runtime/plugin/health.vim
083.452  000.064  000.064: sourcing /nix/store/8lha6b5nfqjs6chngh67zjq2qp19r34b-neovim-unwrapped-0.9.5/share/nvim/runtime/plugin/man.lua
083.852  000.115  000.115: sourcing /nix/store/8lha6b5nfqjs6chngh67zjq2qp19r34b-neovim-unwrapped-0.9.5/share/nvim/runtime/pack/dist/opt/matchit/plugin/matchit.vim
083.915  000.437  000.323: sourcing /nix/store/8lha6b5nfqjs6chngh67zjq2qp19r34b-neovim-unwrapped-0.9.5/share/nvim/runtime/plugin/matchit.vim
084.031  000.090  000.090: sourcing /nix/store/8lha6b5nfqjs6chngh67zjq2qp19r34b-neovim-unwrapped-0.9.5/share/nvim/runtime/plugin/matchparen.vim
084.271  000.216  000.216: sourcing /nix/store/8lha6b5nfqjs6chngh67zjq2qp19r34b-neovim-unwrapped-0.9.5/share/nvim/runtime/plugin/netrwPlugin.vim
084.372  000.061  000.061: sourcing /nix/store/8lha6b5nfqjs6chngh67zjq2qp19r34b-neovim-unwrapped-0.9.5/share/nvim/runtime/plugin/nvim.lua
084.487  000.007  000.007: sourcing /nix/store/l6a9sgfzb93cr533sg3sdngpbz05l89n-neovim-0.9.5/rplugin.vim
084.554  000.140  000.133: sourcing /nix/store/8lha6b5nfqjs6chngh67zjq2qp19r34b-neovim-unwrapped-0.9.5/share/nvim/runtime/plugin/rplugin.vim
084.625  000.039  000.039: sourcing /nix/store/8lha6b5nfqjs6chngh67zjq2qp19r34b-neovim-unwrapped-0.9.5/share/nvim/runtime/plugin/shada.vim
084.674  000.015  000.015: sourcing /nix/store/8lha6b5nfqjs6chngh67zjq2qp19r34b-neovim-unwrapped-0.9.5/share/nvim/runtime/plugin/spellfile.vim
084.770  000.067  000.067: sourcing /nix/store/8lha6b5nfqjs6chngh67zjq2qp19r34b-neovim-unwrapped-0.9.5/share/nvim/runtime/plugin/tarPlugin.vim
084.855  000.051  000.051: sourcing /nix/store/8lha6b5nfqjs6chngh67zjq2qp19r34b-neovim-unwrapped-0.9.5/share/nvim/runtime/plugin/tohtml.vim
084.896  000.012  000.012: sourcing /nix/store/8lha6b5nfqjs6chngh67zjq2qp19r34b-neovim-unwrapped-0.9.5/share/nvim/runtime/plugin/tutor.vim
085.017  000.095  000.095: sourcing /nix/store/8lha6b5nfqjs6chngh67zjq2qp19r34b-neovim-unwrapped-0.9.5/share/nvim/runtime/plugin/zipPlugin.vim
085.247  000.057  000.057: sourcing /home/ramak/.local/share/nvim/lazy/indent-blankline.nvim/after/plugin/commands.lua
085.349  000.053  000.053: sourcing /home/ramak/.local/share/nvim/lazy/ultisnips/after/plugin/UltiSnips_after.vim
087.325  001.921  001.921: require('impatient')
088.833  000.052  000.052: require('Comment')
089.144  000.025  000.025: require('gitsigns.async')
089.196  000.050  000.050: require('gitsigns.config')
089.219  000.022  000.022: require('gitsigns.debug.log')
089.223  000.136  000.040: require('gitsigns')
090.512  000.032  000.032: require('nvim-treesitter.highlight')
090.649  000.031  000.031: require('nvim-treesitter.locals')
090.653  000.069  000.037: require('nvim-treesitter.incremental_selection')
090.677  000.022  000.022: require('onedark')
092.090  000.032  000.032: require('onedark')
092.460  000.030  000.030: require('onedark.palette')
092.499  000.087  000.058: require('onedark.colors')
092.558  000.055  000.055: require('onedark.util')
092.644  000.313  000.170: require('onedark.highlights')
094.090  000.038  000.038: require('onedark.terminal')
094.098  002.263  001.880: sourcing /home/ramak/.local/share/nvim/lazy/onedark.nvim/colors/onedark.lua
094.493  000.283  000.283: require('nvim-subfiles')
094.706  000.021  000.021: require('tabby.module.api')
094.794  000.066  000.066: require('tabby.module.filename')
094.797  000.089  000.022: require('tabby.feature.buf_name')
094.801  000.140  000.029: require('tabby.feature.tab_name')
095.031  000.046  000.046: require('tabby.module.log')
095.111  000.078  000.078: require('tabby.module.highlight')
095.114  000.312  000.189: require('tabby.module.render')
095.219  000.047  000.047: require('tabby.feature.tabwins')
095.222  000.092  000.045: require('tabby.feature.lines')
095.226  000.611  000.067: require('tabby.tabline')
095.354  000.024  000.024: require('lualine_require')
095.553  000.298  000.273: require('lualine')
096.889  000.026  000.026: require('lualine.utils.mode')
100.077  097.359  014.940: sourcing /home/ramak/.config/nvim/init.lua
100.089  000.983: sourcing vimrc file(s)
100.322  000.067  000.067: sourcing /nix/store/8lha6b5nfqjs6chngh67zjq2qp19r34b-neovim-unwrapped-0.9.5/share/nvim/runtime/syntax/synload.vim
100.383  000.244  000.177: sourcing /nix/store/8lha6b5nfqjs6chngh67zjq2qp19r34b-neovim-unwrapped-0.9.5/share/nvim/runtime/syntax/syntax.vim
100.397  000.064: inits 3
103.047  002.650: reading ShaDa
111.394  000.844  000.844: require('vim.filetype')
112.515  000.306  000.306: require('vim.filetype.detect')
117.541  000.335  000.335: sourcing /home/ramak/.config/nvim/syntax/asy.vim
123.127  004.934  004.934: sourcing /nix/store/8lha6b5nfqjs6chngh67zjq2qp19r34b-neovim-unwrapped-0.9.5/share/nvim/runtime/autoload/provider/clipboard.vim
123.619  000.261  000.261: require('editorconfig')
123.888  014.160: opening buffers
125.240  001.352: BufEnter autocommands
125.244  000.004: editing files in windows
132.730  007.486: VimEnter autocommands
132.816  000.086: UIEnter autocommands
132.820  000.004: before starting main loop
138.816  005.995: first screen update
138.818  000.002: --- NVIM STARTED ---


times in msec
 clock   self+sourced   self:  sourced script
 clock   elapsed:              other lines

000.006  000.006: --- NVIM STARTING ---
000.167  000.160: event init
000.228  000.062: early init
000.265  000.036: locale set
000.294  000.029: init first window
000.511  000.217: inits 1
000.518  000.007: window checked
000.548  000.030: parsing arguments
000.870  000.052  000.052: require('vim.shared')
000.951  000.029  000.029: require('vim._options')
000.952  000.079  000.050: require('vim._editor')
000.953  000.151  000.019: require('vim._init_packages')
000.954  000.255: init lua interpreter
001.485  000.531: expanding arguments
001.526  000.041: inits 2
001.711  000.185: init highlight
