This is pdfTeX, Version 3.141592653-2.6-1.40.27 (TeX Live 2025/nixos.org) (preloaded format=pdflatex 1980.1.1)  10 JUL 2026 22:24
entering extended mode
 restricted \write18 enabled.
 %&-line parsing enabled.
**./main.tex
(./main.tex
LaTeX2e <2025-11-01>
L3 programming layer <2026-01-19>

(/nix/store/0mhwmnc5v7yal01pzxxa46qvhjb96sa3-texlive-combined-2025-texmfdist/te
x/latex/tugboat/ltugboat.cls
Document Class: ltugboat 2026-01-14 v2.36 TUGboat journal class

(/nix/store/0mhwmnc5v7yal01pzxxa46qvhjb96sa3-texlive-combined-2025-texmfdist/te
x/latex/base/article.cls
Document Class: article 2025/01/22 v1.4n Standard LaTeX document class

(/nix/store/0mhwmnc5v7yal01pzxxa46qvhjb96sa3-texlive-combined-2025-texmfdist/te
x/latex/base/size10.clo
File: size10.clo 2025/01/22 v1.4n Standard LaTeX file (size option)
)
\c@part=\count275
\c@section=\count276
\c@subsection=\count277
\c@subsubsection=\count278
\c@paragraph=\count279
\c@subparagraph=\count280
\c@figure=\count281
\c@table=\count282
\abovecaptionskip=\skip49
\belowcaptionskip=\skip50
\bibindent=\dimen148
)
(/nix/store/0mhwmnc5v7yal01pzxxa46qvhjb96sa3-texlive-combined-2025-texmfdist/te
x/latex/mflogo/mflogo.sty
Package: mflogo 1999/03/10 v2.0 LaTeX package for Metafont and MetaPost logos
)
\ResetCommands=\toks17
LaTeX Info: Redefining \mp on input line 319.
LaTeX Encoding Info:    Redeclaring text command \textohm (encoding ?) on input
 line 325.
LaTeX Info: Redefining \TeX on input line 366.
\normalparindent=\dimen149
\T@stBox=\box53
\TestBox=\box54
\T@stCount=\count283
\TestCount=\count284
\T@stDimen=\dimen150
\TestDimen=\dimen151
\hours=\count285
\minutes=\count286
\raggedskip=\dimen152
\raggedstretch=\dimen153
\raggedparfill=\skip51
LaTeX Info: Redefining \nobreakspace on input line 544.
LaTeX Info: Redefining \! on input line 655.
\issueseqno=\count287
\@TBremarkfile=\write3
\@altfilenames=\read2

(/nix/store/0mhwmnc5v7yal01pzxxa46qvhjb96sa3-texlive-combined-2025-texmfdist/te
x/generic/hyphenex/ushyphex.tex)
\tubcolwidthandgutter=\dimen154
\pagewd=\dimen155
\trimwd=\dimen156
\trimlgt=\dimen157
\headmargin=\dimen158
LaTeX Info: Redefining \LaTeX on input line 896.
\signaturewidth=\dimen159
\authornumber=\count288
\stbaselineskip=\dimen160
\stfontheight=\dimen161
\PreTitleDrop=\dimen162
\AboveTitleSkip=\skip52
\BelowTitleSkip=\skip53
\strulethickness=\dimen163
\TBtocsectionspace=\skip54

(/nix/store/0mhwmnc5v7yal01pzxxa46qvhjb96sa3-texlive-combined-2025-texmfdist/te
x/generic/gettitlestring/gettitlestring.sty
Package: gettitlestring 2019/12/15 v1.6 Cleanup title references (HO)

(/nix/store/0mhwmnc5v7yal01pzxxa46qvhjb96sa3-texlive-combined-2025-texmfdist/te
x/latex/kvoptions/kvoptions.sty
Package: kvoptions 2022-06-15 v3.15 Key value format for package options (HO)

(/nix/store/0mhwmnc5v7yal01pzxxa46qvhjb96sa3-texlive-combined-2025-texmfdist/te
x/latex/graphics/keyval.sty
Package: keyval 2022/05/29 v1.15 key=value parser (DPC)
\KV@toks@=\toks18
)
(/nix/store/0mhwmnc5v7yal01pzxxa46qvhjb96sa3-texlive-combined-2025-texmfdist/te
x/generic/ltxcmds/ltxcmds.sty
Package: ltxcmds 2023-12-04 v1.26 LaTeX kernel commands for general use (HO)
)
(/nix/store/0mhwmnc5v7yal01pzxxa46qvhjb96sa3-texlive-combined-2025-texmfdist/te
x/latex/kvsetkeys/kvsetkeys.sty
Package: kvsetkeys 2022-10-05 v1.19 Key value parser (HO)
)))
\@tubfullpageindent=\dimen164
)
(/nix/store/0mhwmnc5v7yal01pzxxa46qvhjb96sa3-texlive-combined-2025-texmfdist/te
x/latex/base/fontenc.sty
Package: fontenc 2025/07/18 v2.1d Standard LaTeX package
)
(/nix/store/0mhwmnc5v7yal01pzxxa46qvhjb96sa3-texlive-combined-2025-texmfdist/te
x/latex/graphics/graphicx.sty
Package: graphicx 2024/12/31 v1.2e Enhanced LaTeX Graphics (DPC,SPQR)

(/nix/store/0mhwmnc5v7yal01pzxxa46qvhjb96sa3-texlive-combined-2025-texmfdist/te
x/latex/graphics/graphics.sty
Package: graphics 2024/08/06 v1.4g Standard LaTeX Graphics (DPC,SPQR)

(/nix/store/0mhwmnc5v7yal01pzxxa46qvhjb96sa3-texlive-combined-2025-texmfdist/te
x/latex/graphics/trig.sty
Package: trig 2023/12/02 v1.11 sin cos tan (DPC)
)
(/nix/store/0mhwmnc5v7yal01pzxxa46qvhjb96sa3-texlive-combined-2025-texmfdist/te
x/latex/graphics-cfg/graphics.cfg
File: graphics.cfg 2016/06/04 v1.11 sample graphics configuration
)
Package graphics Info: Driver file: pdftex.def on input line 106.

(/nix/store/0mhwmnc5v7yal01pzxxa46qvhjb96sa3-texlive-combined-2025-texmfdist/te
x/latex/graphics-def/pdftex.def
File: pdftex.def 2025/09/29 v1.2d Graphics/color driver for pdftex
))
\Gin@req@height=\dimen165
\Gin@req@width=\dimen166
)
(/nix/store/0mhwmnc5v7yal01pzxxa46qvhjb96sa3-texlive-combined-2025-texmfdist/te
x/generic/hologo/hologo.sty
Package: hologo 2025-11-11 v1.16 A logo collection with bookmark support (HO)

(/nix/store/0mhwmnc5v7yal01pzxxa46qvhjb96sa3-texlive-combined-2025-texmfdist/te
x/generic/infwarerr/infwarerr.sty
Package: infwarerr 2019/12/03 v1.5 Providing info/warning/error messages (HO)
)
(/nix/store/0mhwmnc5v7yal01pzxxa46qvhjb96sa3-texlive-combined-2025-texmfdist/te
x/generic/kvdefinekeys/kvdefinekeys.sty
Package: kvdefinekeys 2019-12-19 v1.6 Define keys (HO)
)
(/nix/store/0mhwmnc5v7yal01pzxxa46qvhjb96sa3-texlive-combined-2025-texmfdist/te
x/generic/pdftexcmds/pdftexcmds.sty
Package: pdftexcmds 2020-06-27 v0.33 Utility functions of pdfTeX for LuaTeX (HO
)

(/nix/store/0mhwmnc5v7yal01pzxxa46qvhjb96sa3-texlive-combined-2025-texmfdist/te
x/generic/iftex/iftex.sty
Package: iftex 2024/12/12 v1.0g TeX engine tests
)
Package pdftexcmds Info: \pdf@primitive is available.
Package pdftexcmds Info: \pdf@ifprimitive is available.
Package pdftexcmds Info: \pdfdraftmode found.
))
(/nix/store/0mhwmnc5v7yal01pzxxa46qvhjb96sa3-texlive-combined-2025-texmfdist/te
x/latex/microtype/microtype.sty
Package: microtype 2026/03/01 v3.2d Micro-typographical refinements (RS)

(/nix/store/0mhwmnc5v7yal01pzxxa46qvhjb96sa3-texlive-combined-2025-texmfdist/te
x/latex/etoolbox/etoolbox.sty
Package: etoolbox 2025/10/02 v2.5m e-TeX tools for LaTeX (JAW)
\etb@tempcnta=\count289
)
\MT@toks=\toks19
\MT@tempbox=\box55
\MT@count=\count290
LaTeX Info: Redefining \noprotrusionifhmode on input line 1084.
LaTeX Info: Redefining \leftprotrusion on input line 1085.
\MT@prot@toks=\toks20
LaTeX Info: Redefining \rightprotrusion on input line 1104.
LaTeX Info: Redefining \textls on input line 1449.
\MT@outer@kern=\dimen167
LaTeX Info: Redefining \microtypecontext on input line 2053.
LaTeX Info: Redefining \textmicrotypecontext on input line 2070.
\MT@listname@count=\count291

(/nix/store/0mhwmnc5v7yal01pzxxa46qvhjb96sa3-texlive-combined-2025-texmfdist/te
x/latex/microtype/microtype-pdftex.def
File: microtype-pdftex.def 2026/03/01 v3.2d Definitions specific to pdftex (RS)

LaTeX Info: Redefining \lsstyle on input line 944.
LaTeX Info: Redefining \lslig on input line 944.
\MT@outer@space=\skip55
)
Package microtype Info: Loading configuration file microtype.cfg.

(/nix/store/0mhwmnc5v7yal01pzxxa46qvhjb96sa3-texlive-combined-2025-texmfdist/te
x/latex/microtype/microtype.cfg
File: microtype.cfg 2026/03/01 v3.2d microtype main configuration file (RS)
)
LaTeX Info: Redefining \microtypesetup on input line 3065.
)
(/nix/store/0mhwmnc5v7yal01pzxxa46qvhjb96sa3-texlive-combined-2025-texmfdist/te
x/latex/hyperref/hyperref.sty
Package: hyperref 2026-01-29 v7.01p Hypertext links for LaTeX

(/nix/store/0mhwmnc5v7yal01pzxxa46qvhjb96sa3-texlive-combined-2025-texmfdist/te
x/generic/pdfescape/pdfescape.sty
Package: pdfescape 2019/12/09 v1.15 Implements pdfTeX's escape features (HO)
)
(/nix/store/0mhwmnc5v7yal01pzxxa46qvhjb96sa3-texlive-combined-2025-texmfdist/te
x/latex/hycolor/hycolor.sty
Package: hycolor 2020-01-27 v1.10 Color options for hyperref/bookmark (HO)
)
(/nix/store/0mhwmnc5v7yal01pzxxa46qvhjb96sa3-texlive-combined-2025-texmfdist/te
x/latex/hyperref/nameref.sty
Package: nameref 2026-01-29 v2.58 Cross-referencing by name of section

(/nix/store/0mhwmnc5v7yal01pzxxa46qvhjb96sa3-texlive-combined-2025-texmfdist/te
x/latex/refcount/refcount.sty
Package: refcount 2019/12/15 v3.6 Data extraction from label references (HO)
)
\c@section@level=\count292
)
(/nix/store/0mhwmnc5v7yal01pzxxa46qvhjb96sa3-texlive-combined-2025-texmfdist/te
x/generic/stringenc/stringenc.sty
Package: stringenc 2019/11/29 v1.12 Convert strings between diff. encodings (HO
)
)
\@linkdim=\dimen168
\Hy@linkcounter=\count293
\Hy@pagecounter=\count294

(/nix/store/0mhwmnc5v7yal01pzxxa46qvhjb96sa3-texlive-combined-2025-texmfdist/te
x/latex/hyperref/pd1enc.def
File: pd1enc.def 2026-01-29 v7.01p Hyperref: PDFDocEncoding definition (HO)
Now handling font encoding PD1 ...
... no UTF-8 mapping file for font encoding PD1
)
(/nix/store/0mhwmnc5v7yal01pzxxa46qvhjb96sa3-texlive-combined-2025-texmfdist/te
x/generic/intcalc/intcalc.sty
Package: intcalc 2019/12/15 v1.3 Expandable calculations with integers (HO)
)
\Hy@SavedSpaceFactor=\count295

(/nix/store/0mhwmnc5v7yal01pzxxa46qvhjb96sa3-texlive-combined-2025-texmfdist/te
x/latex/hyperref/puenc.def
File: puenc.def 2026-01-29 v7.01p Hyperref: PDF Unicode definition (HO)
Now handling font encoding PU ...
... no UTF-8 mapping file for font encoding PU
)
Package hyperref Info: Option `final' set `true' on input line 4072.
Package hyperref Info: Hyper figures OFF on input line 4201.
Package hyperref Info: Link nesting OFF on input line 4206.
Package hyperref Info: Hyper index ON on input line 4209.
Package hyperref Info: Plain pages OFF on input line 4216.
Package hyperref Info: Backreferencing OFF on input line 4221.
Package hyperref Info: Implicit mode ON; LaTeX internals redefined.
Package hyperref Info: Bookmarks ON on input line 4468.
\c@Hy@tempcnt=\count296

(/nix/store/0mhwmnc5v7yal01pzxxa46qvhjb96sa3-texlive-combined-2025-texmfdist/te
x/latex/url/url.sty
\Urlmuskip=\muskip17
Package: url 2013/09/16  ver 3.4  Verb mode for urls, etc.
)
LaTeX Info: Redefining \url on input line 4807.
\XeTeXLinkMargin=\dimen169

(/nix/store/0mhwmnc5v7yal01pzxxa46qvhjb96sa3-texlive-combined-2025-texmfdist/te
x/generic/bitset/bitset.sty
Package: bitset 2019/12/09 v1.3 Handle bit-vector datatype (HO)

(/nix/store/0mhwmnc5v7yal01pzxxa46qvhjb96sa3-texlive-combined-2025-texmfdist/te
x/generic/bigintcalc/bigintcalc.sty
Package: bigintcalc 2019/12/15 v1.5 Expandable calculations on big integers (HO
)
))
\Fld@menulength=\count297
\Field@Width=\dimen170
\Fld@charsize=\dimen171
Package hyperref Info: Hyper figures OFF on input line 6084.
Package hyperref Info: Link nesting OFF on input line 6089.
Package hyperref Info: Hyper index ON on input line 6092.
Package hyperref Info: backreferencing OFF on input line 6099.
Package hyperref Info: Link coloring OFF on input line 6104.
Package hyperref Info: Link coloring with OCG OFF on input line 6109.
Package hyperref Info: PDF/A mode OFF on input line 6114.
\Hy@abspage=\count298
\c@Item=\count299
\c@Hfootnote=\count300
)
Package hyperref Info: Driver (autodetected): hpdftex.

(/nix/store/0mhwmnc5v7yal01pzxxa46qvhjb96sa3-texlive-combined-2025-texmfdist/te
x/latex/hyperref/hpdftex.def
File: hpdftex.def 2026-01-29 v7.01p Hyperref driver for pdfTeX
\Fld@listcount=\count301
\c@bookmark@seq@number=\count302

(/nix/store/0mhwmnc5v7yal01pzxxa46qvhjb96sa3-texlive-combined-2025-texmfdist/te
x/latex/rerunfilecheck/rerunfilecheck.sty
Package: rerunfilecheck 2025-06-21 v1.11 Rerun checks for auxiliary files (HO)

(/nix/store/0mhwmnc5v7yal01pzxxa46qvhjb96sa3-texlive-combined-2025-texmfdist/te
x/generic/uniquecounter/uniquecounter.sty
Package: uniquecounter 2019/12/15 v1.4 Provide unlimited unique counter (HO)
)
Package uniquecounter Info: New unique counter `rerunfilecheck' on input line 2
84.
)
\Hy@SectionHShift=\skip56
)
(/nix/store/0mhwmnc5v7yal01pzxxa46qvhjb96sa3-texlive-combined-2025-texmfdist/te
x/latex/l3backend/l3backend-pdftex.def
File: l3backend-pdftex.def 2025-10-09 L3 backend support: PDF output (pdfTeX)
\l__color_backend_stack_int=\count303
) (.aux/main.aux)
\openout1 = `main.aux'.

LaTeX Font Info:    Checking defaults for OML/cmm/m/it on input line 24.
LaTeX Font Info:    ... okay on input line 24.
LaTeX Font Info:    Checking defaults for OMS/cmsy/m/n on input line 24.
LaTeX Font Info:    ... okay on input line 24.
LaTeX Font Info:    Checking defaults for OT1/cmr/m/n on input line 24.
LaTeX Font Info:    ... okay on input line 24.
LaTeX Font Info:    Checking defaults for T1/cmr/m/n on input line 24.
LaTeX Font Info:    ... okay on input line 24.
LaTeX Font Info:    Checking defaults for TS1/cmr/m/n on input line 24.
LaTeX Font Info:    ... okay on input line 24.
LaTeX Font Info:    Checking defaults for OMX/cmex/m/n on input line 24.
LaTeX Font Info:    ... okay on input line 24.
LaTeX Font Info:    Checking defaults for U/cmr/m/n on input line 24.
LaTeX Font Info:    ... okay on input line 24.
LaTeX Font Info:    Checking defaults for PD1/pdf/m/n on input line 24.
LaTeX Font Info:    ... okay on input line 24.
LaTeX Font Info:    Checking defaults for PU/pdf/m/n on input line 24.
LaTeX Font Info:    ... okay on input line 24.

(/nix/store/0mhwmnc5v7yal01pzxxa46qvhjb96sa3-texlive-combined-2025-texmfdist/te
x/context/base/mkii/supp-pdf.mkii
[Loading MPS to PDF converter (version 2006.09.02).]
\scratchcounter=\count304
\scratchdimen=\dimen172
\scratchbox=\box56
\nofMPsegments=\count305
\nofMParguments=\count306
\everyMPshowfont=\toks21
\MPscratchCnt=\count307
\MPscratchDim=\dimen173
\MPnumerator=\count308
\makeMPintoPDFobject=\count309
\everyMPtoPDFconversion=\toks22
)
(/nix/store/0mhwmnc5v7yal01pzxxa46qvhjb96sa3-texlive-combined-2025-texmfdist/te
x/latex/epstopdf-pkg/epstopdf-base.sty
Package: epstopdf-base 2020-01-24 v2.11 Base part for package epstopdf
Package epstopdf-base Info: Redefining graphics rule for `.eps' on input line 4
85.

(/nix/store/0mhwmnc5v7yal01pzxxa46qvhjb96sa3-texlive-combined-2025-texmfdist/te
x/latex/latexconfig/epstopdf-sys.cfg
File: epstopdf-sys.cfg 2010/07/13 v1.3 Configuration of (r)epstopdf for TeX Liv
e
))
LaTeX Info: Redefining \microtypecontext on input line 24.
Package microtype Info: Applying patch `item' on input line 24.
Package microtype Info: Applying patch `toc' on input line 24.
Package microtype Info: Applying patch `eqnum' on input line 24.
Package microtype Info: Applying patch `footnote' on input line 24.
Package microtype Info: Applying patch `verbatim' on input line 24.
LaTeX Info: Redefining \microtypesetup on input line 24.
Package microtype Info: Generating PDF output.
Package microtype Info: Character protrusion enabled (level 2).
Package microtype Info: Using default protrusion set `alltext'.
Package microtype Info: Automatic font expansion enabled (level 2),
(microtype)             stretch: 20, shrink: 20, step: 1, non-selected.
Package microtype Info: Using default expansion set `alltext-nott'.
Package microtype Info: Patching command `\showhyphens'.
Package microtype Info: No adjustment of tracking.
Package microtype Info: No adjustment of interword spacing.
Package microtype Info: No adjustment of character kerning.

(/nix/store/0mhwmnc5v7yal01pzxxa46qvhjb96sa3-texlive-combined-2025-texmfdist/te
x/latex/microtype/mt-cmr.cfg
File: mt-cmr.cfg 2013/05/19 v2.2 microtype config. file: Computer Modern Roman 
(RS)
)
Package hyperref Info: Link coloring OFF on input line 24.
 (.aux/main.out) (.aux/main.out)
\@outlinefile=\write4
\openout4 = `main.out'.

LaTeX Font Info:    External font `cmex10' loaded for size
(Font)              <7> on input line 41.
LaTeX Font Info:    External font `cmex10' loaded for size
(Font)              <5> on input line 41.
<figures/surfaces.pdf, id=37, 219.08852pt x 99.58203pt>
File: figures/surfaces.pdf Graphic file (type pdf)
<use figures/surfaces.pdf>
Package pdftex.def Info: figures/surfaces.pdf  used on input line 47.
(pdftex.def)             Requested size: 219.08797pt x 99.58177pt.
Package microtype Info: Loading generic protrusion settings for font family
(microtype)             `cmtt' (encoding: T1).
(microtype)             For optimal results, create family-specific settings.
(microtype)             See the microtype manual for details.
<figures/surface-close.pdf, id=41, 142.26149pt x 79.66763pt>
File: figures/surface-close.pdf Graphic file (type pdf)
<use figures/surface-close.pdf>
Package pdftex.def Info: figures/surface-close.pdf  used on input line 67.
(pdftex.def)             Requested size: 142.26112pt x 79.66742pt.
LaTeX Font Info:    Font shape `T1/cmtt/bx/n' in size <10> not available
(Font)              Font shape `T1/cmtt/m/n' tried instead on input line 76.

Underfull \hbox (badness 10000) in paragraph at lines 109--129

 []

[901{/nix/store/921dfnmnfi0fydjfy3vjscpb8lvlfg5j-texlive-combined-2025/share/te
xmf-var/fonts/map/pdftex/updmap/pdftex.map}{/nix/store/0mhwmnc5v7yal01pzxxa46qv
hjb96sa3-texlive-combined-2025-texmfdist/fonts/enc/dvips/cm-super/cm-super-t1.e
nc}


{/nix/store/0mhwmnc5v7yal01pzxxa46qvhjb96sa3-texlive-combined-2025-texmfdist/fo
nts/enc/dvips/cm-super/cm-super-ts1.enc} <./figures/surfaces.pdf> <./figures/su
rface-close.pdf>]
LaTeX Font Info:    Trying to load font information for U+logo on input line 13
5.

(/nix/store/0mhwmnc5v7yal01pzxxa46qvhjb96sa3-texlive-combined-2025-texmfdist/te
x/latex/mflogo/ulogo.fd
File: ulogo.fd 1999/03/10 v2.0 LaTeX font defs for Metafont and MetaPost logos
)
Package epstopdf Info: Source file: <figures/example.eps>
(epstopdf)                    date: 2026-07-09 20:24:45
(epstopdf)                    size: 35085 bytes
(epstopdf)             Output file: <figures/example-eps-converted-to.pdf>
(epstopdf)                    date: 2026-07-09 20:24:46
(epstopdf)                    size: 4217 bytes
(epstopdf)             Command: <repstopdf --outfile=figures/example-eps-conver
ted-to.pdf figures/example.eps>
(epstopdf)             \includegraphics on input line 183.
Package epstopdf Info: Output file is already uptodate.
<figures/example-eps-converted-to.pdf, id=74, 115.43124pt x 39.14626pt>
File: figures/example-eps-converted-to.pdf Graphic file (type pdf)
<use figures/example-eps-converted-to.pdf>
Package pdftex.def Info: figures/example-eps-converted-to.pdf  used on input li
ne 183.
(pdftex.def)             Requested size: 115.43095pt x 39.14615pt.
<figures/torus.pdf, id=77, 142.26149pt x 71.47704pt>
File: figures/torus.pdf Graphic file (type pdf)
<use figures/torus.pdf>
Package pdftex.def Info: figures/torus.pdf  used on input line 229.
(pdftex.def)             Requested size: 142.26112pt x 71.47685pt.
 [902 <./figures/example-eps-converted-to.pdf> <./figures/torus.pdf>]
<figures/regions.pdf, id=100, 199.1741pt x 81.06285pt>
File: figures/regions.pdf Graphic file (type pdf)
<use figures/regions.pdf>
Package pdftex.def Info: figures/regions.pdf  used on input line 276.
(pdftex.def)             Requested size: 199.17361pt x 81.06264pt.
<figures/search.pdf, id=102, 199.1741pt x 131.35072pt>
File: figures/search.pdf Graphic file (type pdf)
<use figures/search.pdf>
Package pdftex.def Info: figures/search.pdf  used on input line 301.
(pdftex.def)             Requested size: 199.17361pt x 131.3504pt.
<figures/honest-torus.png, id=104, 172.645pt x 67.25125pt>
File: figures/honest-torus.png Graphic file (type png)
<use figures/honest-torus.png>
Package pdftex.def Info: figures/honest-torus.png  used on input line 318.
(pdftex.def)             Requested size: 172.64456pt x 67.25107pt.
 [903 <./figures/regions.pdf> <./figures/search.pdf> <./figures/honest-torus.pn
g>]
<figures/intersection.pdf, id=137, 142.26149pt x 106.00604pt>
File: figures/intersection.pdf Graphic file (type pdf)
<use figures/intersection.pdf>
Package pdftex.def Info: figures/intersection.pdf  used on input line 354.
(pdftex.def)             Requested size: 142.26112pt x 106.00577pt.
LaTeX Font Info:    External font `cmex10' loaded for size
(Font)              <9> on input line 355.
LaTeX Font Info:    External font `cmex10' loaded for size
(Font)              <6> on input line 355.
<figures/move.pdf, id=140, 213.39726pt x 109.47902pt>
File: figures/move.pdf Graphic file (type pdf)
<use figures/move.pdf>
Package pdftex.def Info: figures/move.pdf  used on input line 408.
(pdftex.def)             Requested size: 213.39673pt x 109.47873pt.
<figures/round.pdf, id=142, 170.7178pt x 144.04816pt>
File: figures/round.pdf Graphic file (type pdf)
<use figures/round.pdf>
Package pdftex.def Info: figures/round.pdf  used on input line 425.
(pdftex.def)             Requested size: 170.71738pt x 144.04779pt.
 [904 <./figures/intersection.pdf> <./figures/move.pdf>]
<figures/overlap.pdf, id=174, 113.81522pt x 71.39673pt>
File: figures/overlap.pdf Graphic file (type pdf)
<use figures/overlap.pdf>
Package pdftex.def Info: figures/overlap.pdf  used on input line 481.
(pdftex.def)             Requested size: 113.81493pt x 71.39653pt.
<figures/gaps.pdf, id=177, 142.26149pt x 57.32416pt>
File: figures/gaps.pdf Graphic file (type pdf)
<use figures/gaps.pdf>
Package pdftex.def Info: figures/gaps.pdf  used on input line 509.
(pdftex.def)             Requested size: 142.26112pt x 57.324pt.
<figures/smooth-overlap.pdf, id=179, 199.1741pt x 126.45242pt>
File: figures/smooth-overlap.pdf Graphic file (type pdf)
<use figures/smooth-overlap.pdf>
Package pdftex.def Info: figures/smooth-overlap.pdf  used on input line 524.
(pdftex.def)             Requested size: 199.17361pt x 126.4521pt.

[905 <./figures/round.pdf> <./figures/overlap.pdf> <./figures/gaps.pdf>]
<figures/inverse.pdf, id=198, 213.39726pt x 120.55037pt>
File: figures/inverse.pdf Graphic file (type pdf)
<use figures/inverse.pdf>
Package pdftex.def Info: figures/inverse.pdf  used on input line 567.
(pdftex.def)             Requested size: 213.39673pt x 120.55006pt.
<figures/logo.pdf, id=200, 216.23785pt x 166.44183pt>
File: figures/logo.pdf Graphic file (type pdf)
<use figures/logo.pdf>
Package pdftex.def Info: figures/logo.pdf  used on input line 591.
(pdftex.def)             Requested size: 216.2373pt x 166.4414pt.

(.aux/main.bbl) [906 <./figures/smooth-overlap.pdf> <./figures/inverse.pdf> <./
figures/logo.pdf>] (.aux/main.aux)
 ***********
LaTeX2e <2025-11-01>
L3 programming layer <2026-01-19>
 ***********
Package rerunfilecheck Info: File `main.out' has not changed.
(rerunfilecheck)             Checksum: 125C6F4782F7A2FABCF47570759402B6;1363.
 ) 
Here is how much of TeX's memory you used:
 13697 strings out of 467533
 211693 string characters out of 5398125
 661644 words of memory out of 5000000
 40551 multiletter control sequences out of 15000+600000
 643587 words of font info for 136 fonts, out of 8000000 for 9000
 2904 hyphenation exceptions out of 8191
 73i,7n,81p,1003b,594s stack positions out of 10000i,1000n,20000p,200000b,200000s
</nix/store/0mhwmnc5v7yal01pzxxa46qvhjb96sa3-texlive-combined-2025-texmfdist/
fonts/type1/public/amsfonts/cm/cmmi10.pfb></nix/store/0mhwmnc5v7yal01pzxxa46qvh
jb96sa3-texlive-combined-2025-texmfdist/fonts/type1/public/amsfonts/cm/cmmi7.pf
b></nix/store/0mhwmnc5v7yal01pzxxa46qvhjb96sa3-texlive-combined-2025-texmfdist/
fonts/type1/public/amsfonts/cm/cmmi9.pfb></nix/store/0mhwmnc5v7yal01pzxxa46qvhj
b96sa3-texlive-combined-2025-texmfdist/fonts/type1/public/amsfonts/cm/cmr10.pfb
></nix/store/0mhwmnc5v7yal01pzxxa46qvhjb96sa3-texlive-combined-2025-texmfdist/f
onts/type1/public/amsfonts/cm/cmr7.pfb></nix/store/0mhwmnc5v7yal01pzxxa46qvhjb9
6sa3-texlive-combined-2025-texmfdist/fonts/type1/public/amsfonts/cm/cmr8.pfb></
nix/store/0mhwmnc5v7yal01pzxxa46qvhjb96sa3-texlive-combined-2025-texmfdist/font
s/type1/public/amsfonts/cm/cmsy10.pfb></nix/store/0mhwmnc5v7yal01pzxxa46qvhjb96
sa3-texlive-combined-2025-texmfdist/fonts/type1/public/amsfonts/cm/cmsy5.pfb></
nix/store/0mhwmnc5v7yal01pzxxa46qvhjb96sa3-texlive-combined-2025-texmfdist/font
s/type1/public/amsfonts/cm/cmsy9.pfb></nix/store/0mhwmnc5v7yal01pzxxa46qvhjb96s
a3-texlive-combined-2025-texmfdist/fonts/type1/public/amsfonts/cm/cmti8.pfb></n
ix/store/0mhwmnc5v7yal01pzxxa46qvhjb96sa3-texlive-combined-2025-texmfdist/fonts
/type1/public/amsfonts/cm/cmtt10.pfb></nix/store/0mhwmnc5v7yal01pzxxa46qvhjb96s
a3-texlive-combined-2025-texmfdist/fonts/type1/public/amsfonts/latxfont/line10.
pfb></nix/store/0mhwmnc5v7yal01pzxxa46qvhjb96sa3-texlive-combined-2025-texmfdis
t/fonts/type1/hoekwater/mflogo-font/logo10.pfb></nix/store/0mhwmnc5v7yal01pzxxa
46qvhjb96sa3-texlive-combined-2025-texmfdist/fonts/type1/public/cm-super/sfbi10
00.pfb></nix/store/0mhwmnc5v7yal01pzxxa46qvhjb96sa3-texlive-combined-2025-texmf
dist/fonts/type1/public/cm-super/sfbx0700.pfb></nix/store/0mhwmnc5v7yal01pzxxa4
6qvhjb96sa3-texlive-combined-2025-texmfdist/fonts/type1/public/cm-super/sfbx090
0.pfb></nix/store/0mhwmnc5v7yal01pzxxa46qvhjb96sa3-texlive-combined-2025-texmfd
ist/fonts/type1/public/cm-super/sfbx1000.pfb></nix/store/0mhwmnc5v7yal01pzxxa46
qvhjb96sa3-texlive-combined-2025-texmfdist/fonts/type1/public/cm-super/sfrm0700
.pfb></nix/store/0mhwmnc5v7yal01pzxxa46qvhjb96sa3-texlive-combined-2025-texmfdi
st/fonts/type1/public/cm-super/sfrm0900.pfb></nix/store/0mhwmnc5v7yal01pzxxa46q
vhjb96sa3-texlive-combined-2025-texmfdist/fonts/type1/public/cm-super/sfrm1000.
pfb></nix/store/0mhwmnc5v7yal01pzxxa46qvhjb96sa3-texlive-combined-2025-texmfdis
t/fonts/type1/public/cm-super/sfsl0900.pfb></nix/store/0mhwmnc5v7yal01pzxxa46qv
hjb96sa3-texlive-combined-2025-texmfdist/fonts/type1/public/cm-super/sfsl1000.p
fb></nix/store/0mhwmnc5v7yal01pzxxa46qvhjb96sa3-texlive-combined-2025-texmfdist
/fonts/type1/public/cm-super/sfti1000.pfb></nix/store/0mhwmnc5v7yal01pzxxa46qvh
jb96sa3-texlive-combined-2025-texmfdist/fonts/type1/public/cm-super/sftt0900.pf
b></nix/store/0mhwmnc5v7yal01pzxxa46qvhjb96sa3-texlive-combined-2025-texmfdist/
fonts/type1/public/cm-super/sftt1000.pfb>
Output written on .aux/main.pdf (6 pages, 614045 bytes).
PDF statistics:
 345 PDF objects out of 1000 (max. 8388607)
 258 compressed objects within 3 object streams
 34 named destinations out of 1000 (max. 500000)
 33932 words of extra memory for PDF output out of 35830 (max. 10000000)

