This is pdfTeX, Version 3.141592653-2.6-1.40.25 (TeX Live 2023/nixos.org) (preloaded format=latex 1980.1.1)  30 MAR 2025 22:07
entering extended mode
 restricted \write18 enabled.
 %&-line parsing enabled.
**\nonstopmode\input picture_combined_.tex
(./picture_combined_.tex
(/nix/store/jwrkdmd9g3rrn0d4zv9z8gw6l7cwwk1d-texlive-combined-2023-texmfdist/te
x/latex/base/article.cls
Document Class: article 2023/05/17 v1.4n Standard LaTeX document class

(/nix/store/jwrkdmd9g3rrn0d4zv9z8gw6l7cwwk1d-texlive-combined-2023-texmfdist/te
x/latex/base/size12.clo
File: size12.clo 2023/05/17 v1.4n Standard LaTeX file (size option)
)
\c@part=\count188
\c@section=\count189
\c@subsection=\count190
\c@subsubsection=\count191
\c@paragraph=\count192
\c@subparagraph=\count193
\c@figure=\count194
\c@table=\count195
\abovecaptionskip=\skip48
\belowcaptionskip=\skip49
\bibindent=\dimen140
)
(/nix/store/jwrkdmd9g3rrn0d4zv9z8gw6l7cwwk1d-texlive-combined-2023-texmfdist/te
x/latex/graphics/graphicx.sty
Package: graphicx 2021/09/16 v1.2d Enhanced LaTeX Graphics (DPC,SPQR)

(/nix/store/jwrkdmd9g3rrn0d4zv9z8gw6l7cwwk1d-texlive-combined-2023-texmfdist/te
x/latex/graphics/keyval.sty
Package: keyval 2022/05/29 v1.15 key=value parser (DPC)
\KV@toks@=\toks17
)
(/nix/store/jwrkdmd9g3rrn0d4zv9z8gw6l7cwwk1d-texlive-combined-2023-texmfdist/te
x/latex/graphics/graphics.sty
Package: graphics 2022/03/10 v1.4e Standard LaTeX Graphics (DPC,SPQR)

(/nix/store/jwrkdmd9g3rrn0d4zv9z8gw6l7cwwk1d-texlive-combined-2023-texmfdist/te
x/latex/graphics/trig.sty
Package: trig 2021/08/11 v1.11 sin cos tan (DPC)
)
(/nix/store/jwrkdmd9g3rrn0d4zv9z8gw6l7cwwk1d-texlive-combined-2023-texmfdist/te
x/latex/graphics-cfg/graphics.cfg
File: graphics.cfg 2016/06/04 v1.11 sample graphics configuration
)
Package graphics Info: Driver file: dvips.def on input line 107.

(/nix/store/jwrkdmd9g3rrn0d4zv9z8gw6l7cwwk1d-texlive-combined-2023-texmfdist/te
x/latex/graphics-def/dvips.def
File: dvips.def 2022/09/22 v3.1e Graphics/color driver for dvips
))
\Gin@req@height=\dimen141
\Gin@req@width=\dimen142
)
(/nix/store/jwrkdmd9g3rrn0d4zv9z8gw6l7cwwk1d-texlive-combined-2023-texmfdist/te
x/latex/amsfonts/amssymb.sty
Package: amssymb 2013/01/14 v3.01 AMS font symbols

(/nix/store/jwrkdmd9g3rrn0d4zv9z8gw6l7cwwk1d-texlive-combined-2023-texmfdist/te
x/latex/amsfonts/amsfonts.sty
Package: amsfonts 2013/01/14 v3.01 Basic AMSFonts support
\@emptytoks=\toks18
\symAMSa=\mathgroup4
\symAMSb=\mathgroup5
LaTeX Font Info:    Redeclaring math symbol \hbar on input line 98.
LaTeX Font Info:    Overwriting math alphabet `\mathfrak' in version `bold'
(Font)                  U/euf/m/n --> U/euf/b/n on input line 106.
))
\ASYbox=\box51
\ASYdimen=\dimen143

(/nix/store/jwrkdmd9g3rrn0d4zv9z8gw6l7cwwk1d-texlive-combined-2023-texmfdist/te
x/latex/l3backend/l3backend-dvips.def
File: l3backend-dvips.def 2024-02-20 L3 backend support: dvips
\l__pdf_internal_box=\box52
\g__pdf_backend_object_int=\count196
\l__pdf_backend_content_box=\box53
\l__pdf_backend_model_box=\box54
\g__pdf_backend_annotation_int=\count197
\g__pdf_backend_link_int=\count198
\g__pdf_backend_link_sf_int=\count199
)
No file picture_combined_.aux.
\openout1 = `picture_combined_.aux'.

LaTeX Font Info:    Checking defaults for OML/cmm/m/it on input line 53.
LaTeX Font Info:    ... okay on input line 53.
LaTeX Font Info:    Checking defaults for OMS/cmsy/m/n on input line 53.
LaTeX Font Info:    ... okay on input line 53.
LaTeX Font Info:    Checking defaults for OT1/cmr/m/n on input line 53.
LaTeX Font Info:    ... okay on input line 53.
LaTeX Font Info:    Checking defaults for T1/cmr/m/n on input line 53.
LaTeX Font Info:    ... okay on input line 53.
LaTeX Font Info:    Checking defaults for TS1/cmr/m/n on input line 53.
LaTeX Font Info:    ... okay on input line 53.
LaTeX Font Info:    Checking defaults for OMX/cmex/m/n on input line 53.
LaTeX Font Info:    ... okay on input line 53.
LaTeX Font Info:    Checking defaults for U/cmr/m/n on input line 53.
LaTeX Font Info:    ... okay on input line 53.
! Interruption.
<argument> \token_to_str:N \protected 
                                      \tl_to_str:n {\long }macro
l.53 \begin{document}
                     
? 
! Emergency stop.
<argument> \token_to_str:N \protected 
                                      \tl_to_str:n {\long }macro
l.53 \begin{document}
                     
End of file on the terminal!

 
Here is how much of TeX's memory you used:
 1346 strings out of 474117
 21392 string characters out of 5723082
 1925184 words of memory out of 5000000
 23764 multiletter control sequences out of 15000+600000
 558367 words of font info for 37 fonts, out of 8000000 for 9000
 1141 hyphenation exceptions out of 8191
 57i,0n,65p,243b,36s stack positions out of 10000i,1000n,20000p,200000b,200000s
No pages of output.
